Build started 8-10-2015 22:14:43.
     1>Project "C:\Users\Ninox\Documents\GitHub\TheZombienator\Project\Zombienator\Zombienator.vcxproj" on node 2 (Build target(s)).
     1>ClCompile:
         C:\Program Files (x86)\Microsoft Visual Studio 14.0\VC\bin\CL.exe /c /ZI /nologo /W3 /WX- /Od /Oy- /D WIN32 /D _DEBUG /D _CONSOLE /D _UNICODE /D UNICODE /Gm /EHsc /RTC1 /MDd /GS /fp:precise /Zc:wchar_t /Zc:forScope /Zc:inline /Fo"Debug\\" /Fd"Debug\vc140.pdb" /Gd /TP /analyze- /errorReport:prompt AbstractContainer.cpp Behaviour.cpp Character.cpp DrawContainer.cpp GameObject.cpp MoveDirection.cpp
         MoveDirection.cpp
     1>c:\users\ninox\documents\github\thezombienator\project\zombienator\movedirection.cpp : fatal error C1041: cannot open program database 'C:\Users\Ninox\Documents\GitHub\TheZombienator\Project\Zombienator\Debug\vc140.idb'; if multiple CL.EXE write to the same .PDB file, please use /FS
         GameObject.cpp
         DrawContainer.cpp
         Character.cpp
         Behaviour.cpp
         AbstractContainer.cpp
     1>c:\users\ninox\documents\github\thezombienator\project\zombienator\abstractcontainer.h(6): error C2065: 'Behaviour': undeclared identifier
     1>c:\users\ninox\documents\github\thezombienator\project\zombienator\abstractcontainer.h(6): error C2059: syntax error: '>'
     1>c:\users\ninox\documents\github\thezombienator\project\zombienator\abstractcontainer.h(6): error C2976: 'std::vector': too few template arguments
         c:\program files (x86)\microsoft visual studio 14.0\vc\include\vector(678): note: see declaration of 'std::vector'
     1>c:\users\ninox\documents\github\thezombienator\project\zombienator\abstractcontainer.h(7): error C2143: syntax error: missing ';' before 'public'
     1>c:\users\ninox\documents\github\thezombienator\project\zombienator\abstractcontainer.cpp(6): error C2512: 'std::vector': no appropriate default constructor available
         c:\program files (x86)\microsoft visual studio 14.0\vc\include\vector(678): note: see declaration of 'std::vector'
         Generating Code...
     1>Done Building Project "C:\Users\Ninox\Documents\GitHub\TheZombienator\Project\Zombienator\Zombienator.vcxproj" (Build target(s)) -- FAILED.

Build FAILED.

Time Elapsed 00:00:02.23
